Flow report for AW
Thu May 04 13:54:55 2023
Quartus II 32-bit Version 12.1 Build 177 11/07/2012 SJ Web Edition


---------------------
; Table of Contents ;
---------------------
  1. Legal Notice
  2. Flow Summary
  3. Flow Settings
  4. Flow Non-Default Global Settings
  5. Flow Elapsed Time
  6. Flow OS Summary
  7. Flow Log



----------------
; Legal Notice ;
----------------
Copyright (C) 1991-2012 Altera Corporation
Your use of Altera Corporation's design tools, logic functions 
and other software and tools, and its AMPP partner logic 
functions, and any output files from any of the foregoing 
(including device programming or simulation files), and any 
associated documentation or information are expressly subject 
to the terms and conditions of the Altera Program License 
Subscription Agreement, Altera MegaCore Function License 
Agreement, or other applicable license agreement, including, 
without limitation, that your use is for the sole purpose of 
programming logic devices manufactured by Altera and sold by 
Altera or its authorized distributors.  Please refer to the 
applicable agreement for further details.



+-------------------------------------------------------------------------------+
; Flow Summary                                                                  ;
+------------------------------------+------------------------------------------+
; Flow Status                        ; Successful - Thu May 04 13:54:55 2023    ;
; Quartus II 32-bit Version          ; 12.1 Build 177 11/07/2012 SJ Web Edition ;
; Revision Name                      ; AW                                       ;
; Top-level Entity Name              ; AW                                       ;
; Family                             ; Cyclone II                               ;
; Device                             ; EP2C20F484C7                             ;
; Timing Models                      ; Final                                    ;
; Total logic elements               ; 164 / 18,752 ( < 1 % )                   ;
;     Total combinational functions  ; 161 / 18,752 ( < 1 % )                   ;
;     Dedicated logic registers      ; 80 / 18,752 ( < 1 % )                    ;
; Total registers                    ; 80                                       ;
; Total pins                         ; 59 / 315 ( 19 % )                        ;
; Total virtual pins                 ; 0                                        ;
; Total memory bits                  ; 84 / 239,616 ( < 1 % )                   ;
; Embedded Multiplier 9-bit elements ; 2 / 52 ( 4 % )                           ;
; Total PLLs                         ; 0 / 4 ( 0 % )                            ;
+------------------------------------+------------------------------------------+


+-----------------------------------------+
; Flow Settings                           ;
+-------------------+---------------------+
; Option            ; Setting             ;
+-------------------+---------------------+
; Start date & time ; 05/04/2023 13:54:36 ;
; Main task         ; Compilation         ;
; Revision Name     ; AW                  ;
+-------------------+---------------------+


+----------------------------------------------------------------------------------------------------------------------+
; Flow Non-Default Global Settings                                                                                     ;
+-------------------------------------+---------------------------------+---------------+-------------+----------------+
; Assignment Name                     ; Value                           ; Default Value ; Entity Name ; Section Id     ;
+-------------------------------------+---------------------------------+---------------+-------------+----------------+
; COMPILER_SIGNATURE_ID               ; 269295405574970.168319227600176 ; --            ; --          ; --             ;
; EDA_OUTPUT_DATA_FORMAT              ; Verilog Hdl                     ; --            ; --          ; eda_simulation ;
; EDA_SIMULATION_TOOL                 ; ModelSim-Altera (Verilog)       ; <None>        ; --          ; --             ;
; IP_TOOL_NAME                        ; FIFO                            ; --            ; --          ; --             ;
; IP_TOOL_NAME                        ; FIFO                            ; --            ; --          ; --             ;
; IP_TOOL_VERSION                     ; 12.1                            ; --            ; --          ; --             ;
; IP_TOOL_VERSION                     ; 12.1                            ; --            ; --          ; --             ;
; MAX_CORE_JUNCTION_TEMP              ; 85                              ; --            ; --          ; --             ;
; MIN_CORE_JUNCTION_TEMP              ; 0                               ; --            ; --          ; --             ;
; MISC_FILE                           ; fifo.bsf                        ; --            ; --          ; --             ;
; MISC_FILE                           ; fifo_inst.v                     ; --            ; --          ; --             ;
; MISC_FILE                           ; fifo_bb.v                       ; --            ; --          ; --             ;
; MISC_FILE                           ; fifo.inc                        ; --            ; --          ; --             ;
; MISC_FILE                           ; fifo.cmp                        ; --            ; --          ; --             ;
; MISC_FILE                           ; fifo0.bsf                       ; --            ; --          ; --             ;
; MISC_FILE                           ; fifo0_inst.v                    ; --            ; --          ; --             ;
; MISC_FILE                           ; fifo0_bb.v                      ; --            ; --          ; --             ;
; MISC_FILE                           ; fifo0.inc                       ; --            ; --          ; --             ;
; PARTITION_COLOR                     ; 16764057                        ; --            ; --          ; Top            ;
; PARTITION_FITTER_PRESERVATION_LEVEL ; PLACEMENT_AND_ROUTING           ; --            ; --          ; Top            ;
; PARTITION_NETLIST_TYPE              ; SOURCE                          ; --            ; --          ; Top            ;
; PROJECT_OUTPUT_DIRECTORY            ; output_files                    ; --            ; --          ; --             ;
+-------------------------------------+---------------------------------+---------------+-------------+----------------+


+-------------------------------------------------------------------------------------------------------------------------------+
; Flow Elapsed Time                                                                                                             ;
+---------------------------+--------------+-------------------------+---------------------+------------------------------------+
; Module Name               ; Elapsed Time ; Average Processors Used ; Peak Virtual Memory ; Total CPU Time (on all processors) ;
+---------------------------+--------------+-------------------------+---------------------+------------------------------------+
; Analysis & Synthesis      ; 00:00:02     ; 1.0                     ; 358 MB              ; 00:00:03                           ;
; Fitter                    ; 00:00:07     ; 1.0                     ; 426 MB              ; 00:00:08                           ;
; Assembler                 ; 00:00:02     ; 1.0                     ; 334 MB              ; 00:00:02                           ;
; TimeQuest Timing Analyzer ; 00:00:01     ; 1.0                     ; 305 MB              ; 00:00:01                           ;
; EDA Netlist Writer        ; 00:00:01     ; 1.0                     ; 303 MB              ; 00:00:01                           ;
; Total                     ; 00:00:13     ; --                      ; --                  ; 00:00:15                           ;
+---------------------------+--------------+-------------------------+---------------------+------------------------------------+


+----------------------------------------------------------------------------------------+
; Flow OS Summary                                                                        ;
+---------------------------+------------------+-----------+------------+----------------+
; Module Name               ; Machine Hostname ; OS Name   ; OS Version ; Processor type ;
+---------------------------+------------------+-----------+------------+----------------+
; Analysis & Synthesis      ; DLDLABRef-PC     ; Windows 7 ; 6.1        ; x86_64         ;
; Fitter                    ; DLDLABRef-PC     ; Windows 7 ; 6.1        ; x86_64         ;
; Assembler                 ; DLDLABRef-PC     ; Windows 7 ; 6.1        ; x86_64         ;
; TimeQuest Timing Analyzer ; DLDLABRef-PC     ; Windows 7 ; 6.1        ; x86_64         ;
; EDA Netlist Writer        ; DLDLABRef-PC     ; Windows 7 ; 6.1        ; x86_64         ;
+---------------------------+------------------+-----------+------------+----------------+


------------
; Flow Log ;
------------
quartus_map --read_settings_files=on --write_settings_files=off AW -c AW
quartus_fit --read_settings_files=off --write_settings_files=off AW -c AW
quartus_asm --read_settings_files=off --write_settings_files=off AW -c AW
quartus_sta AW -c AW
quartus_eda --read_settings_files=off --write_settings_files=off AW -c AW



